[0.247s] DEBUG:colcon:Command line arguments: ['/usr/bin/colcon', 'build']
[0.247s] DEBUG:colcon:Parsed command line arguments: Namespace(allow_overriding=[], ament_cmake_args=None, base_paths=['.'], bazel_args=None, bazel_task=None, build_base='build', catkin_cmake_args=None, catkin_skip_building_tests=False, cmake_args=None, cmake_clean_cache=False, cmake_clean_first=False, cmake_force_configure=False, cmake_target=None, cmake_target_skip_unavailable=False, continue_on_error=False, event_handlers=None, executor='parallel', ignore_user_meta=False, install_base='install', log_base=None, log_level=None, main=<bound method BuildVerb.main of <colcon_core.verb.build.BuildVerb object at 0x7f8c2c2acc40>>, merge_install=False, metas=['./colcon.meta'], mixin=None, mixin_files=None, mixin_verb=('build',), packages_above=None, packages_above_and_dependencies=None, packages_above_depth=None, packages_end=None, packages_ignore=None, packages_ignore_regex=None, packages_select=None, packages_select_build_failed=False, packages_select_by_dep=None, packages_select_regex=None, packages_select_test_failures=False, packages_skip=None, packages_skip_build_finished=False, packages_skip_by_dep=None, packages_skip_regex=None, packages_skip_test_passed=False, packages_skip_up_to=None, packages_start=None, packages_up_to=None, packages_up_to_regex=None, parallel_workers=8, paths=None, symlink_install=False, test_result_base=None, verb_extension=<colcon_core.verb.build.BuildVerb object at 0x7f8c2c2acc40>, verb_name='build', verb_parser=<colcon_alias.argument_parser.alias.AliasArgumentDecorator object at 0x7f8c2c2960d0>)
[0.296s] Level 1:colcon.colcon_core.package_discovery:discover_packages(colcon_meta) check parameters
[0.296s] Level 1:colcon.colcon_core.package_discovery:discover_packages(recursive) check parameters
[0.296s] Level 1:colcon.colcon_core.package_discovery:discover_packages(ignore) check parameters
[0.296s] Level 1:colcon.colcon_core.package_discovery:discover_packages(path) check parameters
[0.296s] Level 1:colcon.colcon_core.package_discovery:discover_packages(colcon_meta) discover
[0.296s] Level 1:colcon.colcon_core.package_discovery:discover_packages(recursive) discover
[0.296s] INFO:colcon.colcon_core.package_discovery:Crawling recursively for packages in '/home/ayushg/tb_robot_ws'
[0.296s] Level 1:colcon.colcon_core.package_identification:_identify(.) by extensions ['ignore', 'ignore_ament_install']
[0.296s] Level 1:colcon.colcon_core.package_identification:_identify(.) by extension 'ignore'
[0.296s] Level 1:colcon.colcon_core.package_identification:_identify(.) by extension 'ignore_ament_install'
[0.296s] Level 1:colcon.colcon_core.package_identification:_identify(.) by extensions ['colcon_pkg']
[0.296s] Level 1:colcon.colcon_core.package_identification:_identify(.) by extension 'colcon_pkg'
[0.297s] Level 1:colcon.colcon_core.package_identification:_identify(.) by extensions ['colcon_meta']
[0.297s] Level 1:colcon.colcon_core.package_identification:_identify(.) by extension 'colcon_meta'
[0.297s] Level 1:colcon.colcon_core.package_identification:_identify(.) by extensions ['ros']
[0.297s] Level 1:colcon.colcon_core.package_identification:_identify(.) by extension 'ros'
[0.300s] Level 1:colcon.colcon_core.package_identification:_identify(.) by extensions ['bazel', 'cmake', 'python']
[0.300s] Level 1:colcon.colcon_core.package_identification:_identify(.) by extension 'bazel'
[0.300s] Level 1:colcon.colcon_core.package_identification:_identify(.) by extension 'cmake'
[0.300s] Level 1:colcon.colcon_core.package_identification:_identify(.) by extension 'python'
[0.300s] Level 1:colcon.colcon_core.package_identification:_identify(.) by extensions ['python_setup_py']
[0.300s] Level 1:colcon.colcon_core.package_identification:_identify(.) by extension 'python_setup_py'
[0.300s] Level 1:colcon.colcon_core.package_identification:_identify(build) by extensions ['ignore', 'ignore_ament_install']
[0.301s] Level 1:colcon.colcon_core.package_identification:_identify(build) by extension 'ignore'
[0.301s] Level 1:colcon.colcon_core.package_identification:_identify(build) ignored
[0.301s] Level 1:colcon.colcon_core.package_identification:_identify(install) by extensions ['ignore', 'ignore_ament_install']
[0.301s] Level 1:colcon.colcon_core.package_identification:_identify(install) by extension 'ignore'
[0.301s] Level 1:colcon.colcon_core.package_identification:_identify(install) ignored
[0.301s] Level 1:colcon.colcon_core.package_identification:_identify(log) by extensions ['ignore', 'ignore_ament_install']
[0.301s] Level 1:colcon.colcon_core.package_identification:_identify(log) by extension 'ignore'
[0.301s] Level 1:colcon.colcon_core.package_identification:_identify(log) ignored
[0.301s] Level 1:colcon.colcon_core.package_identification:_identify(src) by extensions ['ignore', 'ignore_ament_install']
[0.302s] Level 1:colcon.colcon_core.package_identification:_identify(src) by extension 'ignore'
[0.302s] Level 1:colcon.colcon_core.package_identification:_identify(src) by extension 'ignore_ament_install'
[0.302s] Level 1:colcon.colcon_core.package_identification:_identify(src) by extensions ['colcon_pkg']
[0.302s] Level 1:colcon.colcon_core.package_identification:_identify(src) by extension 'colcon_pkg'
[0.302s] Level 1:colcon.colcon_core.package_identification:_identify(src) by extensions ['colcon_meta']
[0.302s] Level 1:colcon.colcon_core.package_identification:_identify(src) by extension 'colcon_meta'
[0.302s] Level 1:colcon.colcon_core.package_identification:_identify(src) by extensions ['ros']
[0.302s] Level 1:colcon.colcon_core.package_identification:_identify(src) by extension 'ros'
[0.302s] Level 1:colcon.colcon_core.package_identification:_identify(src) by extensions ['bazel', 'cmake', 'python']
[0.302s] Level 1:colcon.colcon_core.package_identification:_identify(src) by extension 'bazel'
[0.302s] Level 1:colcon.colcon_core.package_identification:_identify(src) by extension 'cmake'
[0.302s] Level 1:colcon.colcon_core.package_identification:_identify(src) by extension 'python'
[0.302s] Level 1:colcon.colcon_core.package_identification:_identify(src) by extensions ['python_setup_py']
[0.302s] Level 1:colcon.colcon_core.package_identification:_identify(src) by extension 'python_setup_py'
[0.302s] Level 1:colcon.colcon_core.package_identification:_identify(src/__pycache__) by extensions ['ignore', 'ignore_ament_install']
[0.303s] Level 1:colcon.colcon_core.package_identification:_identify(src/__pycache__) by extension 'ignore'
[0.303s] Level 1:colcon.colcon_core.package_identification:_identify(src/__pycache__) by extension 'ignore_ament_install'
[0.303s] Level 1:colcon.colcon_core.package_identification:_identify(src/__pycache__) by extensions ['colcon_pkg']
[0.303s] Level 1:colcon.colcon_core.package_identification:_identify(src/__pycache__) by extension 'colcon_pkg'
[0.303s] Level 1:colcon.colcon_core.package_identification:_identify(src/__pycache__) by extensions ['colcon_meta']
[0.303s] Level 1:colcon.colcon_core.package_identification:_identify(src/__pycache__) by extension 'colcon_meta'
[0.303s] Level 1:colcon.colcon_core.package_identification:_identify(src/__pycache__) by extensions ['ros']
[0.303s] Level 1:colcon.colcon_core.package_identification:_identify(src/__pycache__) by extension 'ros'
[0.303s] Level 1:colcon.colcon_core.package_identification:_identify(src/__pycache__) by extensions ['bazel', 'cmake', 'python']
[0.303s] Level 1:colcon.colcon_core.package_identification:_identify(src/__pycache__) by extension 'bazel'
[0.303s] Level 1:colcon.colcon_core.package_identification:_identify(src/__pycache__) by extension 'cmake'
[0.303s] Level 1:colcon.colcon_core.package_identification:_identify(src/__pycache__) by extension 'python'
[0.303s] Level 1:colcon.colcon_core.package_identification:_identify(src/__pycache__) by extensions ['python_setup_py']
[0.303s] Level 1:colcon.colcon_core.package_identification:_identify(src/__pycache__) by extension 'python_setup_py'
[0.303s] Level 1:colcon.colcon_core.package_identification:_identify(src/tb_dock_handler) by extensions ['ignore', 'ignore_ament_install']
[0.304s] Level 1:colcon.colcon_core.package_identification:_identify(src/tb_dock_handler) by extension 'ignore'
[0.304s] Level 1:colcon.colcon_core.package_identification:_identify(src/tb_dock_handler) by extension 'ignore_ament_install'
[0.304s] Level 1:colcon.colcon_core.package_identification:_identify(src/tb_dock_handler) by extensions ['colcon_pkg']
[0.304s] Level 1:colcon.colcon_core.package_identification:_identify(src/tb_dock_handler) by extension 'colcon_pkg'
[0.304s] Level 1:colcon.colcon_core.package_identification:_identify(src/tb_dock_handler) by extensions ['colcon_meta']
[0.304s] Level 1:colcon.colcon_core.package_identification:_identify(src/tb_dock_handler) by extension 'colcon_meta'
[0.304s] Level 1:colcon.colcon_core.package_identification:_identify(src/tb_dock_handler) by extensions ['ros']
[0.304s] Level 1:colcon.colcon_core.package_identification:_identify(src/tb_dock_handler) by extension 'ros'
[0.308s] DEBUG:colcon.colcon_core.package_identification:Package 'src/tb_dock_handler' with type 'ros.ament_cmake' and name 'tb_dock_handler'
[0.308s] Level 1:colcon.colcon_core.package_discovery:discover_packages(recursive) using defaults
[0.309s] Level 1:colcon.colcon_core.package_discovery:discover_packages(ignore) discover
[0.309s] Level 1:colcon.colcon_core.package_discovery:discover_packages(ignore) using defaults
[0.309s] Level 1:colcon.colcon_core.package_discovery:discover_packages(path) discover
[0.309s] Level 1:colcon.colcon_core.package_discovery:discover_packages(path) using defaults
[0.333s] Level 1:colcon.colcon_core.package_discovery:discover_packages(prefix_path) check parameters
[0.333s] Level 1:colcon.colcon_core.package_discovery:discover_packages(prefix_path) discover
[0.334s] WARNING:colcon.colcon_ros.prefix_path.ament:The path '/home/ayushg/tb_robot_ws/install/tb_dock_handler' in the environment variable AMENT_PREFIX_PATH doesn't exist
[0.334s] WARNING:colcon.colcon_ros.prefix_path.catkin:The path '/home/ayushg/tb_robot_ws/install/tb_dock_handler' in the environment variable CMAKE_PREFIX_PATH doesn't exist
[0.336s] DEBUG:colcon.colcon_installed_package_information.package_discovery:Found 0 installed packages in /home/ayushg/tb_robot_ws/install
[0.340s] DEBUG:colcon.colcon_installed_package_information.package_discovery:Found 281 installed packages in /opt/ros/galactic
[0.342s] Level 1:colcon.colcon_core.package_discovery:discover_packages(prefix_path) using defaults
[0.428s] Level 5:colcon.colcon_core.verb:set package 'tb_dock_handler' build argument 'bazel_args' from command line to 'None'
[0.428s] Level 5:colcon.colcon_core.verb:set package 'tb_dock_handler' build argument 'bazel_task' from command line to 'None'
[0.428s] Level 5:colcon.colcon_core.verb:set package 'tb_dock_handler' build argument 'cmake_args' from command line to 'None'
[0.428s] Level 5:colcon.colcon_core.verb:set package 'tb_dock_handler' build argument 'cmake_target' from command line to 'None'
[0.428s] Level 5:colcon.colcon_core.verb:set package 'tb_dock_handler' build argument 'cmake_target_skip_unavailable' from command line to 'False'
[0.428s] Level 5:colcon.colcon_core.verb:set package 'tb_dock_handler' build argument 'cmake_clean_cache' from command line to 'False'
[0.428s] Level 5:colcon.colcon_core.verb:set package 'tb_dock_handler' build argument 'cmake_clean_first' from command line to 'False'
[0.428s] Level 5:colcon.colcon_core.verb:set package 'tb_dock_handler' build argument 'cmake_force_configure' from command line to 'False'
[0.428s] Level 5:colcon.colcon_core.verb:set package 'tb_dock_handler' build argument 'ament_cmake_args' from command line to 'None'
[0.428s] Level 5:colcon.colcon_core.verb:set package 'tb_dock_handler' build argument 'catkin_cmake_args' from command line to 'None'
[0.428s] Level 5:colcon.colcon_core.verb:set package 'tb_dock_handler' build argument 'catkin_skip_building_tests' from command line to 'False'
[0.428s] DEBUG:colcon.colcon_core.verb:Building package 'tb_dock_handler' with the following arguments: {'ament_cmake_args': None, 'bazel_args': None, 'bazel_task': None, 'build_base': '/home/ayushg/tb_robot_ws/build/tb_dock_handler', 'catkin_cmake_args': None, 'catkin_skip_building_tests': False, 'cmake_args': None, 'cmake_clean_cache': False, 'cmake_clean_first': False, 'cmake_force_configure': False, 'cmake_target': None, 'cmake_target_skip_unavailable': False, 'install_base': '/home/ayushg/tb_robot_ws/install/tb_dock_handler', 'merge_install': False, 'path': '/home/ayushg/tb_robot_ws/src/tb_dock_handler', 'symlink_install': False, 'test_result_base': None}
[0.429s] INFO:colcon.colcon_core.executor:Executing jobs using 'parallel' executor
[0.435s] DEBUG:colcon.colcon_parallel_executor.executor.parallel:run_until_complete
[0.435s] INFO:colcon.colcon_ros.task.ament_cmake.build:Building ROS package in '/home/ayushg/tb_robot_ws/src/tb_dock_handler' with build type 'ament_cmake'
[0.435s] INFO:colcon.colcon_cmake.task.cmake.build:Building CMake package in '/home/ayushg/tb_robot_ws/src/tb_dock_handler'
[0.441s] INFO:colcon.colcon_core.plugin_system:Skipping extension 'colcon_core.shell.bat': Not used on non-Windows systems
[0.441s] INFO:colcon.colcon_core.shell:Skip shell extension 'powershell' for command environment: Not usable outside of PowerShell
[0.442s] DEBUG:colcon.colcon_core.shell:Skip shell extension 'dsv' for command environment
[0.455s] DEBUG:colcon.colcon_core.event_handler.log_command:Invoking command in '/home/ayushg/tb_robot_ws/build/tb_dock_handler': CMAKE_PREFIX_PATH=${CMAKE_PREFIX_PATH}:/opt/ros/galactic PS1=\[\033[01;32m\]\u@docker\[\033[00m\][$ROS_DOMAIN_ID]:\[\033[01;34m\]\w\[\033[00m\]$ /usr/bin/cmake /home/ayushg/tb_robot_ws/src/tb_dock_handler -DCMAKE_INSTALL_PREFIX=/home/ayushg/tb_robot_ws/install/tb_dock_handler
[1.591s] DEBUG:colcon.colcon_core.event_handler.log_command:Invoked command in '/home/ayushg/tb_robot_ws/build/tb_dock_handler' returned '0': CMAKE_PREFIX_PATH=${CMAKE_PREFIX_PATH}:/opt/ros/galactic PS1=\[\033[01;32m\]\u@docker\[\033[00m\][$ROS_DOMAIN_ID]:\[\033[01;34m\]\w\[\033[00m\]$ /usr/bin/cmake /home/ayushg/tb_robot_ws/src/tb_dock_handler -DCMAKE_INSTALL_PREFIX=/home/ayushg/tb_robot_ws/install/tb_dock_handler
[1.596s] DEBUG:colcon.colcon_core.event_handler.log_command:Invoking command in '/home/ayushg/tb_robot_ws/build/tb_dock_handler': CMAKE_PREFIX_PATH=${CMAKE_PREFIX_PATH}:/opt/ros/galactic PS1=\[\033[01;32m\]\u@docker\[\033[00m\][$ROS_DOMAIN_ID]:\[\033[01;34m\]\w\[\033[00m\]$ /usr/bin/cmake --build /home/ayushg/tb_robot_ws/build/tb_dock_handler -- -j8 -l8
[1.647s] DEBUG:colcon.colcon_core.event_handler.log_command:Invoked command in '/home/ayushg/tb_robot_ws/build/tb_dock_handler' returned '0': CMAKE_PREFIX_PATH=${CMAKE_PREFIX_PATH}:/opt/ros/galactic PS1=\[\033[01;32m\]\u@docker\[\033[00m\][$ROS_DOMAIN_ID]:\[\033[01;34m\]\w\[\033[00m\]$ /usr/bin/cmake --build /home/ayushg/tb_robot_ws/build/tb_dock_handler -- -j8 -l8
[1.689s] DEBUG:colcon.colcon_core.event_handler.log_command:Invoking command in '/home/ayushg/tb_robot_ws/build/tb_dock_handler': CMAKE_PREFIX_PATH=${CMAKE_PREFIX_PATH}:/opt/ros/galactic PS1=\[\033[01;32m\]\u@docker\[\033[00m\][$ROS_DOMAIN_ID]:\[\033[01;34m\]\w\[\033[00m\]$ /usr/bin/cmake --install /home/ayushg/tb_robot_ws/build/tb_dock_handler
[1.704s] Level 1:colcon.colcon_core.environment:create_environment_scripts_only(tb_dock_handler)
[1.705s] DEBUG:colcon.colcon_core.event_handler.log_command:Invoked command in '/home/ayushg/tb_robot_ws/build/tb_dock_handler' returned '0': CMAKE_PREFIX_PATH=${CMAKE_PREFIX_PATH}:/opt/ros/galactic PS1=\[\033[01;32m\]\u@docker\[\033[00m\][$ROS_DOMAIN_ID]:\[\033[01;34m\]\w\[\033[00m\]$ /usr/bin/cmake --install /home/ayushg/tb_robot_ws/build/tb_dock_handler
[1.712s] Level 1:colcon.colcon_core.environment:checking '/home/ayushg/tb_robot_ws/install/tb_dock_handler' for CMake module files
[1.713s] Level 1:colcon.colcon_core.environment:checking '/home/ayushg/tb_robot_ws/install/tb_dock_handler' for CMake config files
[1.713s] Level 1:colcon.colcon_core.shell:create_environment_hook('tb_dock_handler', 'cmake_prefix_path')
[1.715s] INFO:colcon.colcon_core.shell:Creating environment hook '/home/ayushg/tb_robot_ws/install/tb_dock_handler/share/tb_dock_handler/hook/cmake_prefix_path.ps1'
[1.716s] INFO:colcon.colcon_core.shell:Creating environment descriptor '/home/ayushg/tb_robot_ws/install/tb_dock_handler/share/tb_dock_handler/hook/cmake_prefix_path.dsv'
[1.716s] INFO:colcon.colcon_core.shell:Creating environment hook '/home/ayushg/tb_robot_ws/install/tb_dock_handler/share/tb_dock_handler/hook/cmake_prefix_path.sh'
[1.718s] Level 1:colcon.colcon_core.environment:checking '/home/ayushg/tb_robot_ws/install/tb_dock_handler/lib'
[1.718s] Level 1:colcon.colcon_core.environment:checking '/home/ayushg/tb_robot_ws/install/tb_dock_handler/bin'
[1.718s] Level 1:colcon.colcon_core.environment:checking '/home/ayushg/tb_robot_ws/install/tb_dock_handler/lib/pkgconfig/tb_dock_handler.pc'
[1.719s] Level 1:colcon.colcon_core.environment:checking '/home/ayushg/tb_robot_ws/install/tb_dock_handler/lib/python3.8/site-packages'
[1.719s] Level 1:colcon.colcon_core.environment:checking '/home/ayushg/tb_robot_ws/install/tb_dock_handler/bin'
[1.722s] INFO:colcon.colcon_core.shell:Creating package script '/home/ayushg/tb_robot_ws/install/tb_dock_handler/share/tb_dock_handler/package.ps1'
[1.723s] INFO:colcon.colcon_core.shell:Creating package descriptor '/home/ayushg/tb_robot_ws/install/tb_dock_handler/share/tb_dock_handler/package.dsv'
[1.724s] INFO:colcon.colcon_core.shell:Creating package script '/home/ayushg/tb_robot_ws/install/tb_dock_handler/share/tb_dock_handler/package.sh'
[1.725s] INFO:colcon.colcon_core.shell:Creating package script '/home/ayushg/tb_robot_ws/install/tb_dock_handler/share/tb_dock_handler/package.bash'
[1.725s] INFO:colcon.colcon_core.shell:Creating package script '/home/ayushg/tb_robot_ws/install/tb_dock_handler/share/tb_dock_handler/package.zsh'
[1.726s] Level 1:colcon.colcon_core.environment:create_file_with_runtime_dependencies(/home/ayushg/tb_robot_ws/install/tb_dock_handler/share/colcon-core/packages/tb_dock_handler)
[1.755s] Level 1:colcon.colcon_core.environment:create_environment_scripts_only(tb_dock_handler)
[1.759s] Level 1:colcon.colcon_core.environment:checking '/home/ayushg/tb_robot_ws/install/tb_dock_handler' for CMake module files
[1.760s] Level 1:colcon.colcon_core.environment:checking '/home/ayushg/tb_robot_ws/install/tb_dock_handler' for CMake config files
[1.760s] Level 1:colcon.colcon_core.shell:create_environment_hook('tb_dock_handler', 'cmake_prefix_path')
[1.761s] INFO:colcon.colcon_core.shell:Creating environment hook '/home/ayushg/tb_robot_ws/install/tb_dock_handler/share/tb_dock_handler/hook/cmake_prefix_path.ps1'
[1.762s] INFO:colcon.colcon_core.shell:Creating environment descriptor '/home/ayushg/tb_robot_ws/install/tb_dock_handler/share/tb_dock_handler/hook/cmake_prefix_path.dsv'
[1.763s] INFO:colcon.colcon_core.shell:Creating environment hook '/home/ayushg/tb_robot_ws/install/tb_dock_handler/share/tb_dock_handler/hook/cmake_prefix_path.sh'
[1.764s] Level 1:colcon.colcon_core.environment:checking '/home/ayushg/tb_robot_ws/install/tb_dock_handler/lib'
[1.764s] Level 1:colcon.colcon_core.environment:checking '/home/ayushg/tb_robot_ws/install/tb_dock_handler/bin'
[1.764s] Level 1:colcon.colcon_core.environment:checking '/home/ayushg/tb_robot_ws/install/tb_dock_handler/lib/pkgconfig/tb_dock_handler.pc'
[1.764s] Level 1:colcon.colcon_core.environment:checking '/home/ayushg/tb_robot_ws/install/tb_dock_handler/lib/python3.8/site-packages'
[1.765s] Level 1:colcon.colcon_core.environment:checking '/home/ayushg/tb_robot_ws/install/tb_dock_handler/bin'
[1.766s] INFO:colcon.colcon_core.shell:Creating package script '/home/ayushg/tb_robot_ws/install/tb_dock_handler/share/tb_dock_handler/package.ps1'
[1.767s] INFO:colcon.colcon_core.shell:Creating package descriptor '/home/ayushg/tb_robot_ws/install/tb_dock_handler/share/tb_dock_handler/package.dsv'
[1.768s] INFO:colcon.colcon_core.shell:Creating package script '/home/ayushg/tb_robot_ws/install/tb_dock_handler/share/tb_dock_handler/package.sh'
[1.768s] INFO:colcon.colcon_core.shell:Creating package script '/home/ayushg/tb_robot_ws/install/tb_dock_handler/share/tb_dock_handler/package.bash'
[1.769s] INFO:colcon.colcon_core.shell:Creating package script '/home/ayushg/tb_robot_ws/install/tb_dock_handler/share/tb_dock_handler/package.zsh'
[1.769s] Level 1:colcon.colcon_core.environment:create_file_with_runtime_dependencies(/home/ayushg/tb_robot_ws/install/tb_dock_handler/share/colcon-core/packages/tb_dock_handler)
[1.769s] DEBUG:colcon.colcon_parallel_executor.executor.parallel:closing loop
[1.770s] DEBUG:colcon.colcon_parallel_executor.executor.parallel:loop closed
[1.770s] DEBUG:colcon.colcon_parallel_executor.executor.parallel:run_until_complete finished with '0'
[1.770s] DEBUG:colcon.colcon_core.event_reactor:joining thread
[1.781s] INFO:colcon.colcon_core.plugin_system:Skipping extension 'colcon_notification.desktop_notification.notify_send': Could not find 'notify-send'
[1.781s] INFO:colcon.colcon_core.plugin_system:Skipping extension 'colcon_notification.desktop_notification.terminal_notifier': Not used on non-Darwin systems
[1.781s] INFO:colcon.colcon_core.plugin_system:Skipping extension 'colcon_notification.desktop_notification.win32': Not used on non-Windows systems
[1.781s] INFO:colcon.colcon_notification.desktop_notification:Sending desktop notification using 'notify2'
[1.783s] DEBUG:colcon.colcon_notification.desktop_notification.notify2:Failed to initialize notify2: org.freedesktop.DBus.Error.Spawn.ExecFailed: /usr/bin/dbus-launch terminated abnormally without any error message
[1.783s] DEBUG:colcon.colcon_core.event_reactor:joined thread
[1.786s] INFO:colcon.colcon_core.shell:Creating prefix script '/home/ayushg/tb_robot_ws/install/local_setup.ps1'
[1.787s] INFO:colcon.colcon_core.shell:Creating prefix util module '/home/ayushg/tb_robot_ws/install/_local_setup_util_ps1.py'
[1.789s] INFO:colcon.colcon_core.shell:Creating prefix chain script '/home/ayushg/tb_robot_ws/install/setup.ps1'
[1.791s] INFO:colcon.colcon_core.shell:Creating prefix script '/home/ayushg/tb_robot_ws/install/local_setup.sh'
[1.791s] INFO:colcon.colcon_core.shell:Creating prefix util module '/home/ayushg/tb_robot_ws/install/_local_setup_util_sh.py'
[1.792s] INFO:colcon.colcon_core.shell:Creating prefix chain script '/home/ayushg/tb_robot_ws/install/setup.sh'
[1.794s] INFO:colcon.colcon_core.shell:Creating prefix script '/home/ayushg/tb_robot_ws/install/local_setup.bash'
[1.794s] INFO:colcon.colcon_core.shell:Creating prefix chain script '/home/ayushg/tb_robot_ws/install/setup.bash'
[1.796s] INFO:colcon.colcon_core.shell:Creating prefix script '/home/ayushg/tb_robot_ws/install/local_setup.zsh'
[1.797s] INFO:colcon.colcon_core.shell:Creating prefix chain script '/home/ayushg/tb_robot_ws/install/setup.zsh'
