-- The C compiler identification is GNU 9.4.0
-- The CXX compiler identification is GNU 9.4.0
-- Check for working C compiler: /usr/bin/cc
-- Check for working C compiler: /usr/bin/cc -- works
-- Detecting C compiler ABI info
-- Detecting C compiler ABI info - done
-- Detecting C compile features
-- Detecting C compile features - done
-- Check for working CXX compiler: /usr/bin/c++
-- Check for working CXX compiler: /usr/bin/c++ -- works
-- Detecting CXX compiler ABI info
-- Detecting CXX compiler ABI info - done
-- Detecting CXX compile features
-- Detecting CXX compile features - done
-- Found ament_cmake: 1.1.5 (/opt/ros/galactic/share/ament_cmake/cmake)
-- Found PythonInterp: /usr/bin/python3 (found suitable version "3.8.10", minimum required is "3") 
-- Using PYTHON_EXECUTABLE: /usr/bin/python3
-- Found rclpy: 1.9.2 (/opt/ros/galactic/share/rclpy/cmake)
-- Found std_msgs: 2.2.4 (/opt/ros/galactic/share/std_msgs/cmake)
-- Using all available rosidl_typesupport_c: rosidl_typesupport_fastrtps_c;rosidl_typesupport_introspection_c
-- Found rosidl_adapter: 2.2.2 (/opt/ros/galactic/share/rosidl_adapter/cmake)
-- Found OpenSSL: /usr/lib/x86_64-linux-gnu/libcrypto.so (found version "1.1.1f")  
-- Found FastRTPS: /opt/ros/galactic/include  
-- Using all available rosidl_typesupport_cpp: rosidl_typesupport_fastrtps_cpp;rosidl_typesupport_introspection_cpp
-- Configuring done
-- Generating done
-- Build files have been written to: /home/ayushg/tb_robot_ws/build/tb_dock_handler
-- Install configuration: ""
-- Installing: /home/ayushg/tb_robot_ws/install/tb_dock_handler/share/tb_dock_handler/src
-- Installing: /home/ayushg/tb_robot_ws/install/tb_dock_handler/share/tb_dock_handler/src/dock_client.py
-- Installing: /home/ayushg/tb_robot_ws/install/tb_dock_handler/lib/tb_dock_handler/dock_client.py
-- Installing: /home/ayushg/tb_robot_ws/install/tb_dock_handler/share/ament_index/resource_index/package_run_dependencies/tb_dock_handler
-- Installing: /home/ayushg/tb_robot_ws/install/tb_dock_handler/share/ament_index/resource_index/parent_prefix_path/tb_dock_handler
-- Installing: /home/ayushg/tb_robot_ws/install/tb_dock_handler/share/tb_dock_handler/environment/ament_prefix_path.sh
-- Installing: /home/ayushg/tb_robot_ws/install/tb_dock_handler/share/tb_dock_handler/environment/ament_prefix_path.dsv
-- Installing: /home/ayushg/tb_robot_ws/install/tb_dock_handler/share/tb_dock_handler/environment/path.sh
-- Installing: /home/ayushg/tb_robot_ws/install/tb_dock_handler/share/tb_dock_handler/environment/path.dsv
-- Installing: /home/ayushg/tb_robot_ws/install/tb_dock_handler/share/tb_dock_handler/local_setup.bash
-- Installing: /home/ayushg/tb_robot_ws/install/tb_dock_handler/share/tb_dock_handler/local_setup.sh
-- Installing: /home/ayushg/tb_robot_ws/install/tb_dock_handler/share/tb_dock_handler/local_setup.zsh
-- Installing: /home/ayushg/tb_robot_ws/install/tb_dock_handler/share/tb_dock_handler/local_setup.dsv
-- Installing: /home/ayushg/tb_robot_ws/install/tb_dock_handler/share/tb_dock_handler/package.dsv
-- Installing: /home/ayushg/tb_robot_ws/install/tb_dock_handler/share/ament_index/resource_index/packages/tb_dock_handler
-- Installing: /home/ayushg/tb_robot_ws/install/tb_dock_handler/share/tb_dock_handler/cmake/tb_dock_handlerConfig.cmake
-- Installing: /home/ayushg/tb_robot_ws/install/tb_dock_handler/share/tb_dock_handler/cmake/tb_dock_handlerConfig-version.cmake
-- Installing: /home/ayushg/tb_robot_ws/install/tb_dock_handler/share/tb_dock_handler/package.xml
