[0.020s] Invoking command in '/home/ayushg/tb_robot_ws/build/tb_dock_handler': CMAKE_PREFIX_PATH=${CMAKE_PREFIX_PATH}:/opt/ros/galactic PS1=\[\033[01;32m\]\u@docker\[\033[00m\][$ROS_DOMAIN_ID]:\[\033[01;34m\]\w\[\033[00m\]$ /usr/bin/cmake /home/ayushg/tb_robot_ws/src/tb_dock_handler -DCMAKE_INSTALL_PREFIX=/home/ayushg/tb_robot_ws/install/tb_dock_handler
[0.088s] -- The C compiler identification is GNU 9.4.0
[0.155s] -- The CXX compiler identification is GNU 9.4.0
[0.160s] -- Check for working C compiler: /usr/bin/cc
[0.245s] -- Check for working C compiler: /usr/bin/cc -- works
[0.246s] -- Detecting C compiler ABI info
[0.334s] -- Detecting C compiler ABI info - done
[0.348s] -- Detecting C compile features
[0.348s] -- Detecting C compile features - done
[0.351s] -- Check for working CXX compiler: /usr/bin/c++
[0.455s] -- Check for working CXX compiler: /usr/bin/c++ -- works
[0.457s] -- Detecting CXX compiler ABI info
[0.561s] -- Detecting CXX compiler ABI info - done
[0.575s] -- Detecting CXX compile features
[0.575s] -- Detecting CXX compile features - done
[0.579s] -- Found ament_cmake: 1.1.5 (/opt/ros/galactic/share/ament_cmake/cmake)
[0.606s] -- Found PythonInterp: /usr/bin/python3 (found suitable version "3.8.10", minimum required is "3") 
[0.607s] -- Using PYTHON_EXECUTABLE: /usr/bin/python3
[0.699s] -- Found rclpy: 1.9.2 (/opt/ros/galactic/share/rclpy/cmake)
[0.701s] -- Found std_msgs: 2.2.4 (/opt/ros/galactic/share/std_msgs/cmake)
[0.734s] -- Using all available rosidl_typesupport_c: rosidl_typesupport_fastrtps_c;rosidl_typesupport_introspection_c
[0.746s] -- Found rosidl_adapter: 2.2.2 (/opt/ros/galactic/share/rosidl_adapter/cmake)
[0.865s] -- Found OpenSSL: /usr/lib/x86_64-linux-gnu/libcrypto.so (found version "1.1.1f")  
[0.901s] -- Found FastRTPS: /opt/ros/galactic/include  
[1.005s] -- Using all available rosidl_typesupport_cpp: rosidl_typesupport_fastrtps_cpp;rosidl_typesupport_introspection_cpp
[1.147s] -- Configuring done
[1.149s] -- Generating done
[1.150s] -- Build files have been written to: /home/ayushg/tb_robot_ws/build/tb_dock_handler
[1.156s] Invoked command in '/home/ayushg/tb_robot_ws/build/tb_dock_handler' returned '0': CMAKE_PREFIX_PATH=${CMAKE_PREFIX_PATH}:/opt/ros/galactic PS1=\[\033[01;32m\]\u@docker\[\033[00m\][$ROS_DOMAIN_ID]:\[\033[01;34m\]\w\[\033[00m\]$ /usr/bin/cmake /home/ayushg/tb_robot_ws/src/tb_dock_handler -DCMAKE_INSTALL_PREFIX=/home/ayushg/tb_robot_ws/install/tb_dock_handler
[1.160s] Invoking command in '/home/ayushg/tb_robot_ws/build/tb_dock_handler': CMAKE_PREFIX_PATH=${CMAKE_PREFIX_PATH}:/opt/ros/galactic PS1=\[\033[01;32m\]\u@docker\[\033[00m\][$ROS_DOMAIN_ID]:\[\033[01;34m\]\w\[\033[00m\]$ /usr/bin/cmake --build /home/ayushg/tb_robot_ws/build/tb_dock_handler -- -j8 -l8
[1.212s] Invoked command in '/home/ayushg/tb_robot_ws/build/tb_dock_handler' returned '0': CMAKE_PREFIX_PATH=${CMAKE_PREFIX_PATH}:/opt/ros/galactic PS1=\[\033[01;32m\]\u@docker\[\033[00m\][$ROS_DOMAIN_ID]:\[\033[01;34m\]\w\[\033[00m\]$ /usr/bin/cmake --build /home/ayushg/tb_robot_ws/build/tb_dock_handler -- -j8 -l8
[1.254s] Invoking command in '/home/ayushg/tb_robot_ws/build/tb_dock_handler': CMAKE_PREFIX_PATH=${CMAKE_PREFIX_PATH}:/opt/ros/galactic PS1=\[\033[01;32m\]\u@docker\[\033[00m\][$ROS_DOMAIN_ID]:\[\033[01;34m\]\w\[\033[00m\]$ /usr/bin/cmake --install /home/ayushg/tb_robot_ws/build/tb_dock_handler
[1.264s] -- Install configuration: ""
[1.264s] -- Installing: /home/ayushg/tb_robot_ws/install/tb_dock_handler/share/tb_dock_handler/src
[1.264s] -- Installing: /home/ayushg/tb_robot_ws/install/tb_dock_handler/share/tb_dock_handler/src/dock_client.py
[1.264s] -- Installing: /home/ayushg/tb_robot_ws/install/tb_dock_handler/lib/tb_dock_handler/dock_client.py
[1.265s] -- Installing: /home/ayushg/tb_robot_ws/install/tb_dock_handler/share/ament_index/resource_index/package_run_dependencies/tb_dock_handler
[1.265s] -- Installing: /home/ayushg/tb_robot_ws/install/tb_dock_handler/share/ament_index/resource_index/parent_prefix_path/tb_dock_handler
[1.265s] -- Installing: /home/ayushg/tb_robot_ws/install/tb_dock_handler/share/tb_dock_handler/environment/ament_prefix_path.sh
[1.265s] -- Installing: /home/ayushg/tb_robot_ws/install/tb_dock_handler/share/tb_dock_handler/environment/ament_prefix_path.dsv
[1.265s] -- Installing: /home/ayushg/tb_robot_ws/install/tb_dock_handler/share/tb_dock_handler/environment/path.sh
[1.266s] -- Installing: /home/ayushg/tb_robot_ws/install/tb_dock_handler/share/tb_dock_handler/environment/path.dsv
[1.266s] -- Installing: /home/ayushg/tb_robot_ws/install/tb_dock_handler/share/tb_dock_handler/local_setup.bash
[1.266s] -- Installing: /home/ayushg/tb_robot_ws/install/tb_dock_handler/share/tb_dock_handler/local_setup.sh
[1.266s] -- Installing: /home/ayushg/tb_robot_ws/install/tb_dock_handler/share/tb_dock_handler/local_setup.zsh
[1.266s] -- Installing: /home/ayushg/tb_robot_ws/install/tb_dock_handler/share/tb_dock_handler/local_setup.dsv
[1.266s] -- Installing: /home/ayushg/tb_robot_ws/install/tb_dock_handler/share/tb_dock_handler/package.dsv
[1.267s] -- Installing: /home/ayushg/tb_robot_ws/install/tb_dock_handler/share/ament_index/resource_index/packages/tb_dock_handler
[1.267s] -- Installing: /home/ayushg/tb_robot_ws/install/tb_dock_handler/share/tb_dock_handler/cmake/tb_dock_handlerConfig.cmake
[1.267s] -- Installing: /home/ayushg/tb_robot_ws/install/tb_dock_handler/share/tb_dock_handler/cmake/tb_dock_handlerConfig-version.cmake
[1.267s] -- Installing: /home/ayushg/tb_robot_ws/install/tb_dock_handler/share/tb_dock_handler/package.xml
[1.270s] Invoked command in '/home/ayushg/tb_robot_ws/build/tb_dock_handler' returned '0': CMAKE_PREFIX_PATH=${CMAKE_PREFIX_PATH}:/opt/ros/galactic PS1=\[\033[01;32m\]\u@docker\[\033[00m\][$ROS_DOMAIN_ID]:\[\033[01;34m\]\w\[\033[00m\]$ /usr/bin/cmake --install /home/ayushg/tb_robot_ws/build/tb_dock_handler
